<?xml version="1.0" encoding="UTF-8"?>
<!-- Generated by org.testng.reporters.JUnitXMLReporter -->
<testsuite ignored="0" hostname="DESKTOP-07BODUM" failures="8" tests="8" name="alertsFrameWindowsTest" time="10.354" errors="0" timestamp="2024-06-24T20:55:07 IST">
  <testcase classname="test.alertsFrameWindowsTest" name="clickonClose" time="0.014">
    <failure type="java.lang.NullPointerException" message="Cannot invoke &amp;quot;test.alertsFrameWindowsTest.clickonClose()&amp;quot; because &amp;quot;this.ob&amp;quot; is null">
      <![CDATA[java.lang.NullPointerException: Cannot invoke "test.alertsFrameWindowsTest.clickonClose()" because "this.ob" is null
at test.alertsFrameWindowsTest.clickonClose(alertsFrameWindowsTest.java:22)
at test.alertsFrameWindowsTest.clickonClose(alertsFrameWindowsTest.java:22)
at java.base/java.util.ArrayList.forEach(ArrayList.java:1511)
... Removed 27 stack frames]]>
    </failure>
  </testcase> <!-- clickonClose -->
  <testcase classname="test.alertsFrameWindowsTest" name="clickonPractice" time="0.003">
    <failure type="java.lang.NullPointerException" message="Cannot invoke &amp;quot;test.alertsFrameWindowsTest.clickonPractice()&amp;quot; because &amp;quot;this.ob&amp;quot; is null">
      <![CDATA[java.lang.NullPointerException: Cannot invoke "test.alertsFrameWindowsTest.clickonPractice()" because "this.ob" is null
at test.alertsFrameWindowsTest.clickonPractice(alertsFrameWindowsTest.java:28)
at test.alertsFrameWindowsTest.clickonPractice(alertsFrameWindowsTest.java:28)
at java.base/java.util.ArrayList.forEach(ArrayList.java:1511)
... Removed 27 stack frames]]>
    </failure>
  </testcase> <!-- clickonPractice -->
  <testcase classname="test.alertsFrameWindowsTest" name="clickonalertsFrameWindowsTest" time="0.002">
    <failure type="java.lang.NullPointerException" message="Cannot invoke &amp;quot;test.alertsFrameWindowsTest.clickonalertsFrameWindowsTest()&amp;quot; because &amp;quot;this.ob&amp;quot; is null">
      <![CDATA[java.lang.NullPointerException: Cannot invoke "test.alertsFrameWindowsTest.clickonalertsFrameWindowsTest()" because "this.ob" is null
at test.alertsFrameWindowsTest.clickonalertsFrameWindowsTest(alertsFrameWindowsTest.java:34)
at test.alertsFrameWindowsTest.clickonalertsFrameWindowsTest(alertsFrameWindowsTest.java:34)
at java.base/java.util.ArrayList.forEach(ArrayList.java:1511)
... Removed 27 stack frames]]>
    </failure>
  </testcase> <!-- clickonalertsFrameWindowsTest -->
  <testcase classname="test.alertsFrameWindowsTest" name="clickonalert" time="0.006">
    <failure type="java.lang.NullPointerException" message="Cannot invoke &amp;quot;test.alertsFrameWindowsTest.clickonalert()&amp;quot; because &amp;quot;this.ob&amp;quot; is null">
      <![CDATA[java.lang.NullPointerException: Cannot invoke "test.alertsFrameWindowsTest.clickonalert()" because "this.ob" is null
at test.alertsFrameWindowsTest.clickonalert(alertsFrameWindowsTest.java:40)
at test.alertsFrameWindowsTest.clickonalert(alertsFrameWindowsTest.java:40)
at java.base/java.util.ArrayList.forEach(ArrayList.java:1511)
... Removed 27 stack frames]]>
    </failure>
  </testcase> <!-- clickonalert -->
  <testcase classname="test.alertsFrameWindowsTest" name="clickonclickme1" time="0.002">
    <failure type="java.lang.NullPointerException" message="Cannot invoke &amp;quot;test.alertsFrameWindowsTest.clickonclickme1()&amp;quot; because &amp;quot;this.ob&amp;quot; is null">
      <![CDATA[java.lang.NullPointerException: Cannot invoke "test.alertsFrameWindowsTest.clickonclickme1()" because "this.ob" is null
at test.alertsFrameWindowsTest.clickonclickme1(alertsFrameWindowsTest.java:46)
at test.alertsFrameWindowsTest.clickonclickme1(alertsFrameWindowsTest.java:46)
at java.base/java.util.ArrayList.forEach(ArrayList.java:1511)
... Removed 27 stack frames]]>
    </failure>
  </testcase> <!-- clickonclickme1 -->
  <testcase classname="test.alertsFrameWindowsTest" name="clickonclickme2" time="0.003">
    <failure type="java.lang.NullPointerException" message="Cannot invoke &amp;quot;test.alertsFrameWindowsTest.clickonclickme2()&amp;quot; because &amp;quot;this.ob&amp;quot; is null">
      <![CDATA[java.lang.NullPointerException: Cannot invoke "test.alertsFrameWindowsTest.clickonclickme2()" because "this.ob" is null
at test.alertsFrameWindowsTest.clickonclickme2(alertsFrameWindowsTest.java:52)
at test.alertsFrameWindowsTest.clickonclickme2(alertsFrameWindowsTest.java:52)
at java.base/java.util.ArrayList.forEach(ArrayList.java:1511)
... Removed 27 stack frames]]>
    </failure>
  </testcase> <!-- clickonclickme2 -->
  <testcase classname="test.alertsFrameWindowsTest" name="clickonclickme3" time="0.008">
    <failure type="java.lang.NullPointerException" message="Cannot invoke &amp;quot;test.alertsFrameWindowsTest.clickonclickme3()&amp;quot; because &amp;quot;this.ob&amp;quot; is null">
      <![CDATA[java.lang.NullPointerException: Cannot invoke "test.alertsFrameWindowsTest.clickonclickme3()" because "this.ob" is null
at test.alertsFrameWindowsTest.clickonclickme3(alertsFrameWindowsTest.java:59)
at test.alertsFrameWindowsTest.clickonclickme3(alertsFrameWindowsTest.java:59)
at java.base/java.util.ArrayList.forEach(ArrayList.java:1511)
... Removed 27 stack frames]]>
    </failure>
  </testcase> <!-- clickonclickme3 -->
  <testcase classname="test.alertsFrameWindowsTest" name="clickonclickme4" time="0.002">
    <failure type="java.lang.NullPointerException" message="Cannot invoke &amp;quot;test.alertsFrameWindowsTest.clickonclickme4()&amp;quot; because &amp;quot;this.ob&amp;quot; is null">
      <![CDATA[java.lang.NullPointerException: Cannot invoke "test.alertsFrameWindowsTest.clickonclickme4()" because "this.ob" is null
at test.alertsFrameWindowsTest.clickonclickme4(alertsFrameWindowsTest.java:65)
at test.alertsFrameWindowsTest.clickonclickme4(alertsFrameWindowsTest.java:65)
at java.base/java.util.ArrayList.forEach(ArrayList.java:1511)
... Removed 27 stack frames]]>
    </failure>
  </testcase> <!-- clickonclickme4 -->
</testsuite> <!-- alertsFrameWindowsTest -->
