<?xml version="1.0" encoding="UTF-8"?>
<!-- Generated by org.testng.reporters.JUnitXMLReporter -->
<testsuite ignored="0" hostname="DESKTOP-07BODUM" failures="5" tests="5" name="CheckBoxtest" time="12.894" errors="0" timestamp="2024-06-24T20:54:00 IST">
  <testcase classname="test.CheckBoxtest" name="clickonClose" time="0.013">
    <failure type="java.lang.NullPointerException" message="Cannot invoke &amp;quot;test.CheckBoxtest.clickonClose()&amp;quot; because &amp;quot;this.ob&amp;quot; is null">
      <![CDATA[java.lang.NullPointerException: Cannot invoke "test.CheckBoxtest.clickonClose()" because "this.ob" is null
at test.CheckBoxtest.clickonClose(CheckBoxtest.java:23)
at test.CheckBoxtest.clickonClose(CheckBoxtest.java:23)
at java.base/java.util.ArrayList.forEach(ArrayList.java:1511)
... Removed 27 stack frames]]>
    </failure>
  </testcase> <!-- clickonClose -->
  <testcase classname="test.CheckBoxtest" name="clickonPractice" time="0.009">
    <failure type="java.lang.NullPointerException" message="Cannot invoke &amp;quot;test.CheckBoxtest.clickonPractice()&amp;quot; because &amp;quot;this.ob&amp;quot; is null">
      <![CDATA[java.lang.NullPointerException: Cannot invoke "test.CheckBoxtest.clickonPractice()" because "this.ob" is null
at test.CheckBoxtest.clickonPractice(CheckBoxtest.java:29)
at test.CheckBoxtest.clickonPractice(CheckBoxtest.java:29)
at java.base/java.util.ArrayList.forEach(ArrayList.java:1511)
... Removed 27 stack frames]]>
    </failure>
  </testcase> <!-- clickonPractice -->
  <testcase classname="test.CheckBoxtest" name="clickonElement" time="0.009">
    <failure type="java.lang.NullPointerException" message="Cannot invoke &amp;quot;test.CheckBoxtest.clickonElement()&amp;quot; because &amp;quot;this.ob&amp;quot; is null">
      <![CDATA[java.lang.NullPointerException: Cannot invoke "test.CheckBoxtest.clickonElement()" because "this.ob" is null
at test.CheckBoxtest.clickonElement(CheckBoxtest.java:36)
at test.CheckBoxtest.clickonElement(CheckBoxtest.java:36)
at java.base/java.util.ArrayList.forEach(ArrayList.java:1511)
... Removed 27 stack frames]]>
    </failure>
  </testcase> <!-- clickonElement -->
  <testcase classname="test.CheckBoxtest" name="clickOnCheckbox" time="0.009">
    <failure type="java.lang.NullPointerException" message="Cannot invoke &amp;quot;test.CheckBoxtest.clickOnCheckbox()&amp;quot; because &amp;quot;this.ob&amp;quot; is null">
      <![CDATA[java.lang.NullPointerException: Cannot invoke "test.CheckBoxtest.clickOnCheckbox()" because "this.ob" is null
at test.CheckBoxtest.clickOnCheckbox(CheckBoxtest.java:42)
at test.CheckBoxtest.clickOnCheckbox(CheckBoxtest.java:42)
at java.base/java.util.ArrayList.forEach(ArrayList.java:1511)
... Removed 27 stack frames]]>
    </failure>
  </testcase> <!-- clickOnCheckbox -->
  <testcase classname="test.CheckBoxtest" name="clickonmobile" time="0.004">
    <failure type="java.lang.NullPointerException" message="Cannot invoke &amp;quot;test.CheckBoxtest.clickonmobile()&amp;quot; because &amp;quot;this.ob&amp;quot; is null">
      <![CDATA[java.lang.NullPointerException: Cannot invoke "test.CheckBoxtest.clickonmobile()" because "this.ob" is null
at test.CheckBoxtest.clickonmobile(CheckBoxtest.java:48)
at test.CheckBoxtest.clickonmobile(CheckBoxtest.java:48)
at java.base/java.util.ArrayList.forEach(ArrayList.java:1511)
... Removed 27 stack frames]]>
    </failure>
  </testcase> <!-- clickonmobile -->
</testsuite> <!-- CheckBoxtest -->
